============================= test session starts =============================
platform win32 -- Python 3.13.13, pytest-9.0.3, pluggy-1.6.0 -- C:\Users\johnw\Desktop\resume\Boom\jet_engine_cycle_analysis_tool\.venv\Scripts\python.exe
cachedir: .pytest_cache
rootdir: C:\Users\johnw\Desktop\resume\Boom\jet_engine_cycle_analysis_tool
configfile: pyproject.toml
plugins: cov-7.1.0
collecting ... collected 48 items

tests/test_atmosphere.py::TestSeaLevel::test_pressure PASSED             [  2%]
tests/test_atmosphere.py::TestSeaLevel::test_temperature PASSED          [  4%]
tests/test_atmosphere.py::TestSeaLevel::test_density PASSED              [  6%]
tests/test_atmosphere.py::TestTroposphere::test_pressure_at_10000ft PASSED [  8%]
tests/test_atmosphere.py::TestTroposphere::test_temperature_at_10000ft PASSED [ 10%]
tests/test_atmosphere.py::TestTroposphere::test_temperature_decreases_with_altitude PASSED [ 12%]
tests/test_atmosphere.py::TestTroposphere::test_pressure_decreases_with_altitude PASSED [ 14%]
tests/test_atmosphere.py::TestStratosphere::test_temperature_isothermal_above_tropopause PASSED [ 16%]
tests/test_atmosphere.py::TestStratosphere::test_pressure_at_60000ft PASSED [ 18%]
tests/test_atmosphere.py::TestStratosphere::test_pressure_still_decreases_in_stratosphere PASSED [ 20%]
tests/test_atmosphere.py::TestIdealGasConsistency::test_density_consistent_with_ideal_gas PASSED [ 22%]
tests/test_atmosphere.py::TestInputValidation::test_negative_altitude_raises PASSED [ 25%]
tests/test_atmosphere.py::TestInputValidation::test_zero_altitude_valid PASSED [ 27%]
tests/test_regression.py::TestReferenceOperatingPoint::test_specific_thrust_in_physical_range SKIPPED [ 29%]
tests/test_regression.py::TestReferenceOperatingPoint::test_sfc_in_physical_range SKIPPED [ 31%]
tests/test_regression.py::TestReferenceOperatingPoint::test_six_stations SKIPPED [ 33%]
tests/test_regression.py::TestReferenceOperatingPoint::test_temperature_increases_through_compressor SKIPPED [ 35%]
tests/test_regression.py::TestReferenceOperatingPoint::test_temperature_peaks_at_combustor_exit SKIPPED [ 37%]
tests/test_regression.py::TestReferenceOperatingPoint::test_temperature_drops_through_turbine SKIPPED [ 39%]
tests/test_regression.py::TestReferenceOperatingPoint::test_pressure_increases_through_compressor SKIPPED [ 41%]
tests/test_regression.py::TestReferenceOperatingPoint::test_pressure_drops_through_turbine SKIPPED [ 43%]
tests/test_regression.py::TestReferenceOperatingPoint::test_shock_reduces_total_pressure_at_inlet SKIPPED [ 45%]
tests/test_regression.py::TestReferenceOperatingPoint::test_station_temperatures_all_positive SKIPPED [ 47%]
tests/test_regression.py::TestReferenceOperatingPoint::test_station_pressures_all_positive SKIPPED [ 50%]
tests/test_solver_interface.py::TestReturnType::test_returns_solver_result PASSED [ 52%]
tests/test_solver_interface.py::TestReturnType::test_t0_stations_has_six_elements PASSED [ 54%]
tests/test_solver_interface.py::TestReturnType::test_p0_stations_has_six_elements PASSED [ 56%]
tests/test_solver_interface.py::TestOutputValues::test_specific_thrust PASSED [ 58%]
tests/test_solver_interface.py::TestOutputValues::test_sfc PASSED        [ 60%]
tests/test_solver_interface.py::TestOutputValues::test_t0_stations PASSED [ 62%]
tests/test_solver_interface.py::TestOutputValues::test_p0_stations PASSED [ 64%]
tests/test_solver_interface.py::TestInputSerialisation::test_inputs_passed_correctly PASSED [ 66%]
tests/test_solver_interface.py::TestDefaults::test_default_tit_is_1600 PASSED [ 68%]
tests/test_solver_interface.py::TestDefaults::test_default_altitude_is_60000ft PASSED [ 70%]
tests/test_solver_interface.py::TestErrorHandling::test_missing_binary_raises_file_not_found PASSED [ 72%]
tests/test_solver_interface.py::TestErrorHandling::test_nonzero_exit_raises_runtime_error PASSED [ 75%]
tests/test_solver_interface.py::TestErrorHandling::test_bad_json_raises_value_error PASSED [ 77%]
tests/test_trade_study.py::TestReturnType::test_returns_trade_study_results PASSED [ 79%]
tests/test_trade_study.py::TestGridShape::test_mach_grid_shape PASSED    [ 81%]
tests/test_trade_study.py::TestGridShape::test_opr_grid_shape PASSED     [ 83%]
tests/test_trade_study.py::TestGridShape::test_specific_thrust_shape PASSED [ 85%]
tests/test_trade_study.py::TestGridShape::test_sfc_shape PASSED          [ 87%]
tests/test_trade_study.py::TestGridValues::test_mach_range PASSED        [ 89%]
tests/test_trade_study.py::TestGridValues::test_opr_range PASSED         [ 91%]
tests/test_trade_study.py::TestPhysicalPlausibility::test_specific_thrust_positive PASSED [ 93%]
tests/test_trade_study.py::TestPhysicalPlausibility::test_sfc_positive PASSED [ 95%]
tests/test_trade_study.py::TestPhysicalPlausibility::test_no_nan_in_thrust PASSED [ 97%]
tests/test_trade_study.py::TestPhysicalPlausibility::test_no_nan_in_sfc PASSED [100%]

======================= 37 passed, 11 skipped in 0.49s ========================
